2017/09/05 21:08:31	::1             	ERR	                                                            	数据库连接失败！ error information : Cache Security Error
   在 InterSystems.Data.CacheClient.CacheADOConnection.Open()
   在 InterSystems.Data.CacheClient.CacheConnection.Open(Boolean useCache)
   在 InterSystems.Data.CacheClient.CacheConnection.Open()
   在 SterilityRestful.CommonLibrary.DataConnection.Connect() 位置 e:\Program\task\2016.7重大仪器专项\2016-3-8 重大仪器专项（高性能智能化食品药品无菌检测仪）\SterilityRestful\SterilityRestful\SterilityRestful\CommonLibrary\DataConnection.cs:行号 44
2017/09/05 21:08:43	::1             	ERR	UserInfoMethod.MstUserLogin                                 	数据库操作异常！ error information : Cache Security Error
   在 SterilityRestful.CommonLibrary.DataConnection.Connect() 位置 e:\Program\task\2016.7重大仪器专项\2016-3-8 重大仪器专项（高性能智能化食品药品无菌检测仪）\SterilityRestful\SterilityRestful\SterilityRestful\CommonLibrary\DataConnection.cs:行号 50
   在 SterilityRestful.DataMethod.UserInfoMethod.MstUserLogin(DataConnection pclsCache, String UserId, String InPassword, String TerminalIP, String TerminalName, String revUserId) 位置 e:\Program\task\2016.7重大仪器专项\2016-3-8 重大仪器专项（高性能智能化食品药品无菌检测仪）\SterilityRestful\SterilityRestful\SterilityRestful\DataMethod\UserInfoMethod.cs:行号 62
2017/09/05 21:37:48	::1             	ERR	                                                            	数据库连接失败！ error information : Cache Security Error
   在 InterSystems.Data.CacheClient.CacheADOConnection.Open()
   在 InterSystems.Data.CacheClient.CacheConnection.Open(Boolean useCache)
   在 InterSystems.Data.CacheClient.CacheConnection.Open()
   在 SterilityRestful.CommonLibrary.DataConnection.Connect() 位置 e:\Program\task\2016.7重大仪器专项\2016-3-8 重大仪器专项（高性能智能化食品药品无菌检测仪）\SterilityRestful\SterilityRestful\SterilityRestful\CommonLibrary\DataConnection.cs:行号 44
2017/09/05 21:37:51	::1             	ERR	UserInfoMethod.MstUserLogin                                 	数据库操作异常！ error information : Cache Security Error
   在 SterilityRestful.CommonLibrary.DataConnection.Connect() 位置 e:\Program\task\2016.7重大仪器专项\2016-3-8 重大仪器专项（高性能智能化食品药品无菌检测仪）\SterilityRestful\SterilityRestful\SterilityRestful\CommonLibrary\DataConnection.cs:行号 50
   在 SterilityRestful.DataMethod.UserInfoMethod.MstUserLogin(DataConnection pclsCache, String UserId, String InPassword, String TerminalIP, String TerminalName, String revUserId) 位置 e:\Program\task\2016.7重大仪器专项\2016-3-8 重大仪器专项（高性能智能化食品药品无菌检测仪）\SterilityRestful\SterilityRestful\SterilityRestful\DataMethod\UserInfoMethod.cs:行号 62
2017/09/05 21:38:02	::1             	ERR	                                                            	数据库连接失败！ error information : Cache Security Error
   在 InterSystems.Data.CacheClient.CacheADOConnection.Open()
   在 InterSystems.Data.CacheClient.CacheConnection.Open(Boolean useCache)
   在 InterSystems.Data.CacheClient.CacheConnection.Open()
   在 SterilityRestful.CommonLibrary.DataConnection.Connect() 位置 e:\Program\task\2016.7重大仪器专项\2016-3-8 重大仪器专项（高性能智能化食品药品无菌检测仪）\SterilityRestful\SterilityRestful\SterilityRestful\CommonLibrary\DataConnection.cs:行号 44
2017/09/05 22:06:56	::1             	ERR	UserInfoMethod.MstUserLogin                                 	数据库操作异常！ error information : Cache Security Error
   在 SterilityRestful.CommonLibrary.DataConnection.Connect() 位置 e:\Program\task\2016.7重大仪器专项\2016-3-8 重大仪器专项（高性能智能化食品药品无菌检测仪）\SterilityRestful\SterilityRestful\SterilityRestful\CommonLibrary\DataConnection.cs:行号 50
   在 SterilityRestful.DataMethod.UserInfoMethod.MstUserLogin(DataConnection pclsCache, String UserId, String InPassword, String TerminalIP, String TerminalName, String revUserId) 位置 e:\Program\task\2016.7重大仪器专项\2016-3-8 重大仪器专项（高性能智能化食品药品无菌检测仪）\SterilityRestful\SterilityRestful\SterilityRestful\DataMethod\UserInfoMethod.cs:行号 62
