2018/01/26 11:59:17	::1             	ERR	OperationMethod.GetNextStep                                 	数据库操作异常！ error information : 未将对象引用设置到对象的实例。
   在 SterilityRestful.DataMethod.OperationMethod.GetNextStep(DataConnection pclsCache, String OrderId) 位置 e:\Program\task\2016.7重大仪器专项\2016-3-8重大仪器专项（高性能智能化食品药品无菌检测仪）\SterilityRestful\SterilityRestful\SterilityRestful\DataMethod\OperationMethod.cs:行号 322
2018/01/26 11:59:56	::1             	ERR	OperationMethod.GetNextStep                                 	数据库操作异常！ error information : 未将对象引用设置到对象的实例。
   在 SterilityRestful.DataMethod.OperationMethod.GetNextStep(DataConnection pclsCache, String OrderId) 位置 e:\Program\task\2016.7重大仪器专项\2016-3-8重大仪器专项（高性能智能化食品药品无菌检测仪）\SterilityRestful\SterilityRestful\SterilityRestful\DataMethod\OperationMethod.cs:行号 322
2018/01/26 12:00:19	::1             	ERR	OperationMethod.GetNextStep                                 	数据库操作异常！ error information : 未将对象引用设置到对象的实例。
   在 SterilityRestful.DataMethod.OperationMethod.GetNextStep(DataConnection pclsCache, String OrderId) 位置 e:\Program\task\2016.7重大仪器专项\2016-3-8重大仪器专项（高性能智能化食品药品无菌检测仪）\SterilityRestful\SterilityRestful\SterilityRestful\DataMethod\OperationMethod.cs:行号 322
2018/01/26 12:51:16	::1             	ERR	                                                            	数据库连接失败！ error information : Cache Security Error
   在 InterSystems.Data.CacheClient.CacheADOConnection.Open()
   在 InterSystems.Data.CacheClient.CacheConnection.Open(Boolean useCache)
   在 InterSystems.Data.CacheClient.CacheConnection.Open()
   在 SterilityRestful.CommonLibrary.DataConnection.Connect() 位置 e:\Program\task\2016.7重大仪器专项\2016-3-8重大仪器专项（高性能智能化食品药品无菌检测仪）\SterilityRestful\SterilityRestful\SterilityRestful\CommonLibrary\DataConnection.cs:行号 44
2018/01/26 12:51:16	::1             	ERR	OperationMethod.GetNextStep                                 	数据库操作异常！ error information : Cache Security Error
   在 SterilityRestful.CommonLibrary.DataConnection.Connect() 位置 e:\Program\task\2016.7重大仪器专项\2016-3-8重大仪器专项（高性能智能化食品药品无菌检测仪）\SterilityRestful\SterilityRestful\SterilityRestful\CommonLibrary\DataConnection.cs:行号 50
   在 SterilityRestful.DataMethod.OperationMethod.GetNextStep(DataConnection pclsCache, String OrderId) 位置 e:\Program\task\2016.7重大仪器专项\2016-3-8重大仪器专项（高性能智能化食品药品无菌检测仪）\SterilityRestful\SterilityRestful\SterilityRestful\DataMethod\OperationMethod.cs:行号 322
2018/01/26 12:51:23	::1             	ERR	                                                            	数据库连接失败！ error information : Cache Security Error
   在 InterSystems.Data.CacheClient.CacheADOConnection.Open()
   在 InterSystems.Data.CacheClient.CacheConnection.Open(Boolean useCache)
   在 InterSystems.Data.CacheClient.CacheConnection.Open()
   在 SterilityRestful.CommonLibrary.DataConnection.Connect() 位置 e:\Program\task\2016.7重大仪器专项\2016-3-8重大仪器专项（高性能智能化食品药品无菌检测仪）\SterilityRestful\SterilityRestful\SterilityRestful\CommonLibrary\DataConnection.cs:行号 44
2018/01/26 12:51:26	::1             	ERR	OperationMethod.GetNextStep                                 	数据库操作异常！ error information : Cache Security Error
   在 SterilityRestful.CommonLibrary.DataConnection.Connect() 位置 e:\Program\task\2016.7重大仪器专项\2016-3-8重大仪器专项（高性能智能化食品药品无菌检测仪）\SterilityRestful\SterilityRestful\SterilityRestful\CommonLibrary\DataConnection.cs:行号 50
   在 SterilityRestful.DataMethod.OperationMethod.GetNextStep(DataConnection pclsCache, String OrderId) 位置 e:\Program\task\2016.7重大仪器专项\2016-3-8重大仪器专项（高性能智能化食品药品无菌检测仪）\SterilityRestful\SterilityRestful\SterilityRestful\DataMethod\OperationMethod.cs:行号 322
2018/01/26 12:54:25	::1             	ERR	OperationMethod.GetNextStep                                 	数据库操作异常！ error information : 未将对象引用设置到对象的实例。
   在 SterilityRestful.DataMethod.OperationMethod.GetNextStep(DataConnection pclsCache, String OrderId) 位置 e:\Program\task\2016.7重大仪器专项\2016-3-8重大仪器专项（高性能智能化食品药品无菌检测仪）\SterilityRestful\SterilityRestful\SterilityRestful\DataMethod\OperationMethod.cs:行号 327
2018/01/26 12:54:54	::1             	ERR	OperationMethod.GetNextStep                                 	数据库操作异常！ error information : 未将对象引用设置到对象的实例。
   在 SterilityRestful.DataMethod.OperationMethod.GetNextStep(DataConnection pclsCache, String OrderId) 位置 e:\Program\task\2016.7重大仪器专项\2016-3-8重大仪器专项（高性能智能化食品药品无菌检测仪）\SterilityRestful\SterilityRestful\SterilityRestful\DataMethod\OperationMethod.cs:行号 327
2018/01/26 17:57:35	::1             	ERR	ResultMethod.ResTestResultSetData                           	数据库操作异常！ error information : CacheDateTime overflow. Must be between 12/31/1840 12:00:00 AM and 12/31/9999 11:59:59 PM.
   在 InterSystems.Data.CacheTypes.CacheDateTime..ctor(DateTime p_value)
   在 InterSystems.Data.CacheClient.ObjBind.IO.MsgWriter.PutNext(Nullable`1 val)
   在 InterSystems.Data.CacheTypes.CacheTimestampArgument.PutNext(MsgWriter writer)
   在 InterSystems.Data.CacheClient.CacheConnection.PutMtdSignature(CacheMethodSignature s)
   在 InterSystems.Data.CacheClient.CacheConnection.MsgRunMethod(Int64 oref, String clsName, String mtdName, CacheMethodSignature s)
   在 InterSystems.Data.CacheClient.CacheConnection.RunClassMethod(String clsName, String mtdName, CacheMethodSignature s)
   在 InterSystems.Data.CacheTypes.CacheObject.RunClassMethodS(CacheConnection conn, String clsName, String mtdName, CacheMethodSignature s)
   在 Rs.ResTestResult.SetData(CacheConnection conn, String TestId, String ObjectNo, String ObjCompany, String ObjIncuSeq, String TestType, String TestStand, String TestEquip, String TestEquip2, String Description, Nullable`1 ProcessStart, Nullable`1 ProcessEnd, Nullable`1 CollectStart, Nullable`1 CollectEnd, Nullable`1 TestTime, String TestResult, String TestPeople, String TestPeople2, Nullable`1 ReStatus, String RePeople, String ReTime, String TerminalIP, String TerminalName, String revUserId, String FormerStep, String NowStep, String LaterStep)
   在 SterilityRestful.DataMethod.ResultMethod.ResTestResultSetData(DataConnection pclsCache, String TestId, String ObjectNo, String ObjCompany, String ObjIncuSeq, String TestType, String TestStand, String TestEquip, String TestEquip2, String Description, DateTime ProcessStart, DateTime ProcessEnd, DateTime CollectStart, DateTime CollectEnd, DateTime TestTime, String TestResult, String TestPeople, String TestPeople2, Int32 ReStatus, String RePeople, String ReTime, String TerminalIP, String TerminalName, String revUserId, String FormerStep, String NowStep, String LaterStep) 位置 e:\Program\task\2016.7重大仪器专项\2016-3-8重大仪器专项（高性能智能化食品药品无菌检测仪）\SterilityRestful\SterilityRestful\SterilityRestful\DataMethod\ResultMethod.cs:行号 50
2018/01/26 18:00:37	::1             	ERR	ResultMethod.ResTestResultSetData                           	数据库操作异常！ error information : CacheDateTime overflow. Must be between 12/31/1840 12:00:00 AM and 12/31/9999 11:59:59 PM.
   在 InterSystems.Data.CacheTypes.CacheDateTime..ctor(DateTime p_value)
   在 InterSystems.Data.CacheClient.ObjBind.IO.MsgWriter.PutNext(Nullable`1 val)
   在 InterSystems.Data.CacheTypes.CacheTimestampArgument.PutNext(MsgWriter writer)
   在 InterSystems.Data.CacheClient.CacheConnection.PutMtdSignature(CacheMethodSignature s)
   在 InterSystems.Data.CacheClient.CacheConnection.MsgRunMethod(Int64 oref, String clsName, String mtdName, CacheMethodSignature s)
   在 InterSystems.Data.CacheClient.CacheConnection.RunClassMethod(String clsName, String mtdName, CacheMethodSignature s)
   在 InterSystems.Data.CacheTypes.CacheObject.RunClassMethodS(CacheConnection conn, String clsName, String mtdName, CacheMethodSignature s)
   在 Rs.ResTestResult.SetData(CacheConnection conn, String TestId, String ObjectNo, String ObjCompany, String ObjIncuSeq, String TestType, String TestStand, String TestEquip, String TestEquip2, String Description, Nullable`1 ProcessStart, Nullable`1 ProcessEnd, Nullable`1 CollectStart, Nullable`1 CollectEnd, Nullable`1 TestTime, String TestResult, String TestPeople, String TestPeople2, Nullable`1 ReStatus, String RePeople, String ReTime, String TerminalIP, String TerminalName, String revUserId, String FormerStep, String NowStep, String LaterStep)
   在 SterilityRestful.DataMethod.ResultMethod.ResTestResultSetData(DataConnection pclsCache, String TestId, String ObjectNo, String ObjCompany, String ObjIncuSeq, String TestType, String TestStand, String TestEquip, String TestEquip2, String Description, DateTime ProcessStart, DateTime ProcessEnd, DateTime CollectStart, DateTime CollectEnd, DateTime TestTime, String TestResult, String TestPeople, String TestPeople2, Int32 ReStatus, String RePeople, String ReTime, String TerminalIP, String TerminalName, String revUserId, String FormerStep, String NowStep, String LaterStep) 位置 e:\Program\task\2016.7重大仪器专项\2016-3-8重大仪器专项（高性能智能化食品药品无菌检测仪）\SterilityRestful\SterilityRestful\SterilityRestful\DataMethod\ResultMethod.cs:行号 53
2018/01/26 21:25:21	::1             	ERR	ResultMethod.ResIncubatorGetResultTubesByAnyProperty        	数据库操作异常！ error information : <PARAMETER>GetResultTube^Rs.ResIncubator
   在 InterSystems.Data.CacheClient.CacheConnection.GetCommon()
   在 InterSystems.Data.CacheClient.CacheConnection.MsgRunMethod(Int64 oref, String clsName, String mtdName, CacheMethodSignature s)
   在 InterSystems.Data.CacheClient.CacheConnection.RunClassMethod(String clsName, String mtdName, CacheMethodSignature s)
   在 InterSystems.Data.CacheTypes.CacheObject.RunClassMethodS(CacheConnection conn, String clsName, String mtdName, CacheMethodSignature s)
   在 Rs.ResIncubator.GetResultTubesByAnyProperty(CacheConnection conn, String TestId, String TubeNo, String CultureId, String BacterId, String OtherRea, String IncubatorId, String Place, String StartTimeS, String StartTimeE, String EndTimeS, String EndTimeE, String AnalResult, Nullable`1 GetCultureId, Nullable`1 GetBacterId, Nullable`1 GetOtherRea, Nullable`1 GetIncubatorId, Nullable`1 GetPlace, Nullable`1 GetStartTime, Nullable`1 GetEndTime, Nullable`1 GetAnalResult)
   在 SterilityRestful.DataMethod.ResultMethod.ResIncubatorGetResultTubesByAnyProperty(DataConnection pclsCache, String TestId, String TubeNo, String CultureId, String BacterId, String OtherRea, String IncubatorId, String Place, String StartTimeS, String StartTimeE, String EndTimeS, String EndTimeE, String AnalResult, Int32 GetCultureId, Int32 GetBacterId, Int32 GetOtherRea, Int32 GetIncubatorId, Int32 GetPlace, Int32 GetStartTime, Int32 GetEndTime, Int32 GetAnalResult) 位置 e:\Program\task\2016.7重大仪器专项\2016-3-8重大仪器专项（高性能智能化食品药品无菌检测仪）\SterilityRestful\SterilityRestful\SterilityRestful\DataMethod\ResultMethod.cs:行号 409
2018/01/26 21:27:33	::1             	ERR	ResultMethod.ResIncubatorGetResultTubesByAnyProperty        	数据库操作异常！ error information : <PARAMETER>GetResultTube^Rs.ResIncubator
   在 InterSystems.Data.CacheClient.CacheConnection.GetCommon()
   在 InterSystems.Data.CacheClient.CacheConnection.MsgRunMethod(Int64 oref, String clsName, String mtdName, CacheMethodSignature s)
   在 InterSystems.Data.CacheClient.CacheConnection.RunClassMethod(String clsName, String mtdName, CacheMethodSignature s)
   在 InterSystems.Data.CacheTypes.CacheObject.RunClassMethodS(CacheConnection conn, String clsName, String mtdName, CacheMethodSignature s)
   在 Rs.ResIncubator.GetResultTubesByAnyProperty(CacheConnection conn, String TestId, String TubeNo, String CultureId, String BacterId, String OtherRea, String IncubatorId, String Place, String StartTimeS, String StartTimeE, String EndTimeS, String EndTimeE, String AnalResult, Nullable`1 GetCultureId, Nullable`1 GetBacterId, Nullable`1 GetOtherRea, Nullable`1 GetIncubatorId, Nullable`1 GetPlace, Nullable`1 GetStartTime, Nullable`1 GetEndTime, Nullable`1 GetAnalResult)
   在 SterilityRestful.DataMethod.ResultMethod.ResIncubatorGetResultTubesByAnyProperty(DataConnection pclsCache, String TestId, String TubeNo, String CultureId, String BacterId, String OtherRea, String IncubatorId, String Place, String StartTimeS, String StartTimeE, String EndTimeS, String EndTimeE, String AnalResult, Int32 GetCultureId, Int32 GetBacterId, Int32 GetOtherRea, Int32 GetIncubatorId, Int32 GetPlace, Int32 GetStartTime, Int32 GetEndTime, Int32 GetAnalResult) 位置 e:\Program\task\2016.7重大仪器专项\2016-3-8重大仪器专项（高性能智能化食品药品无菌检测仪）\SterilityRestful\SterilityRestful\SterilityRestful\DataMethod\ResultMethod.cs:行号 409
