2018/01/22 18:57:33	::1             	ERR	                                                            	数据库连接失败！ error information : Cache Security Error
   在 InterSystems.Data.CacheClient.CacheADOConnection.Open()
   在 InterSystems.Data.CacheClient.CacheConnection.Open(Boolean useCache)
   在 InterSystems.Data.CacheClient.CacheConnection.Open()
   在 SterilityRestful.CommonLibrary.DataConnection.Connect() 位置 e:\Program\task\2016.7重大仪器专项\2016-3-8重大仪器专项（高性能智能化食品药品无菌检测仪）\SterilityRestful\SterilityRestful\SterilityRestful\CommonLibrary\DataConnection.cs:行号 44
2018/01/22 18:57:33	::1             	ERR	UserInfoMethod.MstUserRegister                              	数据库操作异常！ error information : Cache Security Error
   在 SterilityRestful.CommonLibrary.DataConnection.Connect() 位置 e:\Program\task\2016.7重大仪器专项\2016-3-8重大仪器专项（高性能智能化食品药品无菌检测仪）\SterilityRestful\SterilityRestful\SterilityRestful\CommonLibrary\DataConnection.cs:行号 50
   在 SterilityRestful.DataMethod.UserInfoMethod.MstUserRegister(DataConnection pclsCache, String UserId, String Identify, Int64 PhoneNo, String UserName, String Role, String Password, String TerminalIP, String TerminalName, String revUserId) 位置 e:\Program\task\2016.7重大仪器专项\2016-3-8重大仪器专项（高性能智能化食品药品无菌检测仪）\SterilityRestful\SterilityRestful\SterilityRestful\DataMethod\UserInfoMethod.cs:行号 29
2018/01/22 18:58:03	::1             	ERR	                                                            	数据库连接失败！ error information : Cache Security Error
   在 InterSystems.Data.CacheClient.CacheADOConnection.Open()
   在 InterSystems.Data.CacheClient.CacheConnection.Open(Boolean useCache)
   在 InterSystems.Data.CacheClient.CacheConnection.Open()
   在 SterilityRestful.CommonLibrary.DataConnection.Connect() 位置 e:\Program\task\2016.7重大仪器专项\2016-3-8重大仪器专项（高性能智能化食品药品无菌检测仪）\SterilityRestful\SterilityRestful\SterilityRestful\CommonLibrary\DataConnection.cs:行号 44
2018/01/22 18:58:27	::1             	ERR	UserInfoMethod.MstUserRegister                              	数据库操作异常！ error information : Cache Security Error
   在 SterilityRestful.CommonLibrary.DataConnection.Connect() 位置 e:\Program\task\2016.7重大仪器专项\2016-3-8重大仪器专项（高性能智能化食品药品无菌检测仪）\SterilityRestful\SterilityRestful\SterilityRestful\CommonLibrary\DataConnection.cs:行号 50
   在 SterilityRestful.DataMethod.UserInfoMethod.MstUserRegister(DataConnection pclsCache, String UserId, String Identify, Int64 PhoneNo, String UserName, String Role, String Password, String TerminalIP, String TerminalName, String revUserId) 位置 e:\Program\task\2016.7重大仪器专项\2016-3-8重大仪器专项（高性能智能化食品药品无菌检测仪）\SterilityRestful\SterilityRestful\SterilityRestful\DataMethod\UserInfoMethod.cs:行号 29
2018/01/22 18:59:57	::1             	ERR	                                                            	数据库连接失败！ error information : Cache Security Error
   在 InterSystems.Data.CacheClient.CacheADOConnection.Open()
   在 InterSystems.Data.CacheClient.CacheConnection.Open(Boolean useCache)
   在 InterSystems.Data.CacheClient.CacheConnection.Open()
   在 SterilityRestful.CommonLibrary.DataConnection.Connect() 位置 e:\Program\task\2016.7重大仪器专项\2016-3-8重大仪器专项（高性能智能化食品药品无菌检测仪）\SterilityRestful\SterilityRestful\SterilityRestful\CommonLibrary\DataConnection.cs:行号 44
2018/01/22 18:59:57	::1             	ERR	UserInfoMethod.MstUserGetUsersInfoByAnyProperty             	数据库操作异常！ error information : Cache Security Error
   在 SterilityRestful.CommonLibrary.DataConnection.Connect() 位置 e:\Program\task\2016.7重大仪器专项\2016-3-8重大仪器专项（高性能智能化食品药品无菌检测仪）\SterilityRestful\SterilityRestful\SterilityRestful\CommonLibrary\DataConnection.cs:行号 50
   在 SterilityRestful.DataMethod.UserInfoMethod.MstUserGetUsersInfoByAnyProperty(DataConnection pclsCache, String UserId, String Identify, String PhoneNo, String UserName, String Role, String Password, String LastLoginTimeS, String LastLoginTimeE, String Token, String LastLogoutTimeS, String LastLogoutTimeE, String ReDateTimeS, String ReDateTimeE, String ReTerminalIP, String ReTerminalName, String ReUserId, String ReIdentify, Int32 GetIdentify, Int32 GetPhoneNo, Int32 GetUserName, Int32 GetRole, Int32 GetPassword, Int32 GetLastLoginTime, Int32 GetToken, Int32 GetLastLogoutTime, Int32 GetRevisionInfo) 位置 e:\Program\task\2016.7重大仪器专项\2016-3-8重大仪器专项（高性能智能化食品药品无菌检测仪）\SterilityRestful\SterilityRestful\SterilityRestful\DataMethod\UserInfoMethod.cs:行号 329
2018/01/22 19:00:13	::1             	ERR	                                                            	数据库连接失败！ error information : Cache Security Error
   在 InterSystems.Data.CacheClient.CacheADOConnection.Open()
   在 InterSystems.Data.CacheClient.CacheConnection.Open(Boolean useCache)
   在 InterSystems.Data.CacheClient.CacheConnection.Open()
   在 SterilityRestful.CommonLibrary.DataConnection.Connect() 位置 e:\Program\task\2016.7重大仪器专项\2016-3-8重大仪器专项（高性能智能化食品药品无菌检测仪）\SterilityRestful\SterilityRestful\SterilityRestful\CommonLibrary\DataConnection.cs:行号 44
2018/01/22 19:00:13	::1             	ERR	UserInfoMethod.MstUserGetUsersInfoByAnyProperty             	数据库操作异常！ error information : Cache Security Error
   在 SterilityRestful.CommonLibrary.DataConnection.Connect() 位置 e:\Program\task\2016.7重大仪器专项\2016-3-8重大仪器专项（高性能智能化食品药品无菌检测仪）\SterilityRestful\SterilityRestful\SterilityRestful\CommonLibrary\DataConnection.cs:行号 50
   在 SterilityRestful.DataMethod.UserInfoMethod.MstUserGetUsersInfoByAnyProperty(DataConnection pclsCache, String UserId, String Identify, String PhoneNo, String UserName, String Role, String Password, String LastLoginTimeS, String LastLoginTimeE, String Token, String LastLogoutTimeS, String LastLogoutTimeE, String ReDateTimeS, String ReDateTimeE, String ReTerminalIP, String ReTerminalName, String ReUserId, String ReIdentify, Int32 GetIdentify, Int32 GetPhoneNo, Int32 GetUserName, Int32 GetRole, Int32 GetPassword, Int32 GetLastLoginTime, Int32 GetToken, Int32 GetLastLogoutTime, Int32 GetRevisionInfo) 位置 e:\Program\task\2016.7重大仪器专项\2016-3-8重大仪器专项（高性能智能化食品药品无菌检测仪）\SterilityRestful\SterilityRestful\SterilityRestful\DataMethod\UserInfoMethod.cs:行号 329
2018/01/22 19:00:41	::1             	ERR	                                                            	数据库连接失败！ error information : Cache Security Error
   在 InterSystems.Data.CacheClient.CacheADOConnection.Open()
   在 InterSystems.Data.CacheClient.CacheConnection.Open(Boolean useCache)
   在 InterSystems.Data.CacheClient.CacheConnection.Open()
   在 SterilityRestful.CommonLibrary.DataConnection.Connect() 位置 e:\Program\task\2016.7重大仪器专项\2016-3-8重大仪器专项（高性能智能化食品药品无菌检测仪）\SterilityRestful\SterilityRestful\SterilityRestful\CommonLibrary\DataConnection.cs:行号 44
2018/01/22 19:00:46	::1             	ERR	UserInfoMethod.MstUserGetUsersInfoByAnyProperty             	数据库操作异常！ error information : Cache Security Error
   在 SterilityRestful.CommonLibrary.DataConnection.Connect() 位置 e:\Program\task\2016.7重大仪器专项\2016-3-8重大仪器专项（高性能智能化食品药品无菌检测仪）\SterilityRestful\SterilityRestful\SterilityRestful\CommonLibrary\DataConnection.cs:行号 50
   在 SterilityRestful.DataMethod.UserInfoMethod.MstUserGetUsersInfoByAnyProperty(DataConnection pclsCache, String UserId, String Identify, String PhoneNo, String UserName, String Role, String Password, String LastLoginTimeS, String LastLoginTimeE, String Token, String LastLogoutTimeS, String LastLogoutTimeE, String ReDateTimeS, String ReDateTimeE, String ReTerminalIP, String ReTerminalName, String ReUserId, String ReIdentify, Int32 GetIdentify, Int32 GetPhoneNo, Int32 GetUserName, Int32 GetRole, Int32 GetPassword, Int32 GetLastLoginTime, Int32 GetToken, Int32 GetLastLogoutTime, Int32 GetRevisionInfo) 位置 e:\Program\task\2016.7重大仪器专项\2016-3-8重大仪器专项（高性能智能化食品药品无菌检测仪）\SterilityRestful\SterilityRestful\SterilityRestful\DataMethod\UserInfoMethod.cs:行号 329
2018/01/22 21:12:11	::1             	ERR	UserInfoMethod.MstUserGetUsersInfoByAnyProperty             	数据库操作异常！ error information : 该字符串未被识别为有效的 DateTime。
   在 System.DateTimeParse.Parse(String s, DateTimeFormatInfo dtfi, DateTimeStyles styles)
   在 System.Convert.ToDateTime(String value)
   在 SterilityRestful.DataMethod.UserInfoMethod.MstUserGetUsersInfoByAnyProperty(DataConnection pclsCache, String UserId, String Identify, String PhoneNo, String UserName, String Role, String Password, String LastLoginTimeS, String LastLoginTimeE, String Token, String LastLogoutTimeS, String LastLogoutTimeE, String ReDateTimeS, String ReDateTimeE, String ReTerminalIP, String ReTerminalName, String ReUserId, String ReIdentify, Int32 GetIdentify, Int32 GetPhoneNo, Int32 GetUserName, Int32 GetRole, Int32 GetPassword, Int32 GetLastLoginTime, Int32 GetToken, Int32 GetLastLogoutTime, Int32 GetRevisionInfo) 位置 e:\Program\task\2016.7重大仪器专项\2016-3-8重大仪器专项（高性能智能化食品药品无菌检测仪）\SterilityRestful\SterilityRestful\SterilityRestful\DataMethod\UserInfoMethod.cs:行号 370
2018/01/22 21:13:20	::1             	ERR	UserInfoMethod.MstUserGetUsersInfoByAnyProperty             	数据库操作异常！ error information : 该字符串未被识别为有效的 DateTime。
   在 System.DateTimeParse.Parse(String s, DateTimeFormatInfo dtfi, DateTimeStyles styles)
   在 System.Convert.ToDateTime(String value)
   在 SterilityRestful.DataMethod.UserInfoMethod.MstUserGetUsersInfoByAnyProperty(DataConnection pclsCache, String UserId, String Identify, String PhoneNo, String UserName, String Role, String Password, String LastLoginTimeS, String LastLoginTimeE, String Token, String LastLogoutTimeS, String LastLogoutTimeE, String ReDateTimeS, String ReDateTimeE, String ReTerminalIP, String ReTerminalName, String ReUserId, String ReIdentify, Int32 GetIdentify, Int32 GetPhoneNo, Int32 GetUserName, Int32 GetRole, Int32 GetPassword, Int32 GetLastLoginTime, Int32 GetToken, Int32 GetLastLogoutTime, Int32 GetRevisionInfo) 位置 e:\Program\task\2016.7重大仪器专项\2016-3-8重大仪器专项（高性能智能化食品药品无菌检测仪）\SterilityRestful\SterilityRestful\SterilityRestful\DataMethod\UserInfoMethod.cs:行号 370
2018/01/22 21:17:22	::1             	ERR	UserInfoMethod.MstUserGetUsersInfoByAnyProperty             	数据库操作异常！ error information : 该字符串未被识别为有效的 DateTime。
   在 System.DateTimeParse.Parse(String s, DateTimeFormatInfo dtfi, DateTimeStyles styles)
   在 System.Convert.ToDateTime(String value)
   在 SterilityRestful.DataMethod.UserInfoMethod.MstUserGetUsersInfoByAnyProperty(DataConnection pclsCache, String UserId, String Identify, String PhoneNo, String UserName, String Role, String Password, String LastLoginTimeS, String LastLoginTimeE, String Token, String LastLogoutTimeS, String LastLogoutTimeE, String ReDateTimeS, String ReDateTimeE, String ReTerminalIP, String ReTerminalName, String ReUserId, String ReIdentify, Int32 GetIdentify, Int32 GetPhoneNo, Int32 GetUserName, Int32 GetRole, Int32 GetPassword, Int32 GetLastLoginTime, Int32 GetToken, Int32 GetLastLogoutTime, Int32 GetRevisionInfo) 位置 e:\Program\task\2016.7重大仪器专项\2016-3-8重大仪器专项（高性能智能化食品药品无菌检测仪）\SterilityRestful\SterilityRestful\SterilityRestful\DataMethod\UserInfoMethod.cs:行号 370
